[29-Nov-2019 19:20:39 UTC] PHP Warning:  Use of undefined constant name - assumed 'name' (this will throw an Error in a future version of PHP) in C:\Users\supac\Local Sites\fictional-university\app\public\experiment.php on line 11
[29-Nov-2019 19:20:39 UTC] PHP Stack trace:
[29-Nov-2019 19:20:39 UTC] PHP   1. {main}() C:\Users\supac\Local Sites\fictional-university\app\public\experiment.php:0
[29-Nov-2019 20:19:31 UTC] PHP Parse error:  syntax error, unexpected '}', expecting ',' or ';' in C:\Users\supac\Local Sites\fictional-university\app\public\wp-content\themes\fictional-university-theme\index.php on line 9
[29-Nov-2019 20:20:34 UTC] PHP Warning:  Use of undefined constant length - assumed 'length' (this will throw an Error in a future version of PHP) in C:\Users\supac\Local Sites\fictional-university\app\public\wp-content\themes\fictional-university-theme\index.php on line 7
[29-Nov-2019 20:20:34 UTC] PHP Stack trace:
[29-Nov-2019 20:20:34 UTC] PHP   1. {main}() C:\Users\supac\Local Sites\fictional-university\app\public\index.php:0
[29-Nov-2019 20:20:34 UTC] PHP   2. require() C:\Users\supac\Local Sites\fictional-university\app\public\index.php:17
[29-Nov-2019 20:20:34 UTC] PHP   3. require_once() C:\Users\supac\Local Sites\fictional-university\app\public\wp-blog-header.php:19
[29-Nov-2019 20:20:34 UTC] PHP   4. include() C:\Users\supac\Local Sites\fictional-university\app\public\wp-includes\template-loader.php:98
[29-Nov-2019 20:22:14 UTC] PHP Parse error:  syntax error, unexpected '}', expecting ',' or ';' in C:\Users\supac\Local Sites\fictional-university\app\public\wp-content\themes\fictional-university-theme\index.php on line 9
[29-Nov-2019 20:23:28 UTC] PHP Fatal error:  Uncaught Error: Call to undefined function length() in C:\Users\supac\Local Sites\fictional-university\app\public\wp-content\themes\fictional-university-theme\index.php:7
Stack trace:
#0 C:\Users\supac\Local Sites\fictional-university\app\public\wp-includes\template-loader.php(98): include()
#1 C:\Users\supac\Local Sites\fictional-university\app\public\wp-blog-header.php(19): require_once('C:\\Users\\supac\\...')
#2 C:\Users\supac\Local Sites\fictional-university\app\public\index.php(17): require('C:\\Users\\supac\\...')
#3 {main}
  thrown in C:\Users\supac\Local Sites\fictional-university\app\public\wp-content\themes\fictional-university-theme\index.php on line 7
[29-Nov-2019 20:23:41 UTC] PHP Parse error:  syntax error, unexpected 'echo' (T_ECHO) in C:\Users\supac\Local Sites\fictional-university\app\public\wp-content\themes\fictional-university-theme\index.php on line 8
[29-Nov-2019 20:36:29 UTC] PHP Parse error:  syntax error, unexpected '}' in C:\Users\supac\Local Sites\fictional-university\app\public\wp-content\themes\fictional-university-theme\index.php on line 5
[29-Nov-2019 21:37:36 UTC] PHP Fatal error:  Uncaught Error: Call to undefined function wp_engueue_style() in C:\Users\supac\Local Sites\fictional-university\app\public\wp-content\themes\fictional-university-theme\functions.php:4
Stack trace:
#0 C:\Users\supac\Local Sites\fictional-university\app\public\wp-includes\class-wp-hook.php(288): university_files('')
#1 C:\Users\supac\Local Sites\fictional-university\app\public\wp-includes\class-wp-hook.php(312): WP_Hook->apply_filters(NULL, Array)
#2 C:\Users\supac\Local Sites\fictional-university\app\public\wp-includes\plugin.php(478): WP_Hook->do_action(Array)
#3 C:\Users\supac\Local Sites\fictional-university\app\public\wp-includes\script-loader.php(2667): do_action('wp_enqueue_scri...')
#4 C:\Users\supac\Local Sites\fictional-university\app\public\wp-includes\class-wp-hook.php(288): wp_enqueue_scripts('')
#5 C:\Users\supac\Local Sites\fictional-university\app\public\wp-includes\class-wp-hook.php(312): WP_Hook->apply_filters(NULL, Array)
#6 C:\Users\supac\Local Sites\fictional-university\app\public\wp-inclu in C:\Users\supac\Local Sites\fictional-university\app\public\wp-content\themes\fictional-university-theme\functions.php on line 4
[29-Nov-2019 21:37:47 UTC] PHP Fatal error:  Uncaught Error: Call to undefined function wp_engueue_style() in C:\Users\supac\Local Sites\fictional-university\app\public\wp-content\themes\fictional-university-theme\functions.php:4
Stack trace:
#0 C:\Users\supac\Local Sites\fictional-university\app\public\wp-includes\class-wp-hook.php(288): university_files('')
#1 C:\Users\supac\Local Sites\fictional-university\app\public\wp-includes\class-wp-hook.php(312): WP_Hook->apply_filters(NULL, Array)
#2 C:\Users\supac\Local Sites\fictional-university\app\public\wp-includes\plugin.php(478): WP_Hook->do_action(Array)
#3 C:\Users\supac\Local Sites\fictional-university\app\public\wp-includes\script-loader.php(2667): do_action('wp_enqueue_scri...')
#4 C:\Users\supac\Local Sites\fictional-university\app\public\wp-includes\class-wp-hook.php(288): wp_enqueue_scripts('')
#5 C:\Users\supac\Local Sites\fictional-university\app\public\wp-includes\class-wp-hook.php(312): WP_Hook->apply_filters(NULL, Array)
#6 C:\Users\supac\Local Sites\fictional-university\app\public\wp-inclu in C:\Users\supac\Local Sites\fictional-university\app\public\wp-content\themes\fictional-university-theme\functions.php on line 4
[29-Nov-2019 21:39:29 UTC] PHP Parse error:  syntax error, unexpected 'wp_enqueue_style' (T_STRING) in C:\Users\supac\Local Sites\fictional-university\app\public\wp-content\themes\fictional-university-theme\functions.php on line 5
[30-Nov-2019 23:32:52 UTC] PHP Parse error:  syntax error, unexpected end of file in C:\Users\supac\Local Sites\fictional-university\app\public\wp-content\themes\fictional-university-theme\page.php on line 51
[30-Nov-2019 23:33:08 UTC] PHP Parse error:  syntax error, unexpected end of file in C:\Users\supac\Local Sites\fictional-university\app\public\wp-content\themes\fictional-university-theme\page.php on line 51
[30-Nov-2019 23:33:11 UTC] PHP Parse error:  syntax error, unexpected end of file in C:\Users\supac\Local Sites\fictional-university\app\public\wp-content\themes\fictional-university-theme\page.php on line 51
[30-Nov-2019 23:37:45 UTC] PHP Warning:  Use of undefined constant x - assumed 'x' (this will throw an Error in a future version of PHP) in C:\Users\supac\Local Sites\fictional-university\app\public\wp-content\themes\fictional-university-theme\page.php on line 24
[30-Nov-2019 23:37:45 UTC] PHP Stack trace:
[30-Nov-2019 23:37:45 UTC] PHP   1. {main}() C:\Users\supac\Local Sites\fictional-university\app\public\index.php:0
[30-Nov-2019 23:37:45 UTC] PHP   2. require() C:\Users\supac\Local Sites\fictional-university\app\public\index.php:17
[30-Nov-2019 23:37:45 UTC] PHP   3. require_once() C:\Users\supac\Local Sites\fictional-university\app\public\wp-blog-header.php:19
[30-Nov-2019 23:37:45 UTC] PHP   4. include() C:\Users\supac\Local Sites\fictional-university\app\public\wp-includes\template-loader.php:98
[30-Nov-2019 23:38:13 UTC] PHP Warning:  Use of undefined constant x - assumed 'x' (this will throw an Error in a future version of PHP) in C:\Users\supac\Local Sites\fictional-university\app\public\wp-content\themes\fictional-university-theme\page.php on line 24
[30-Nov-2019 23:38:13 UTC] PHP Stack trace:
[30-Nov-2019 23:38:13 UTC] PHP   1. {main}() C:\Users\supac\Local Sites\fictional-university\app\public\index.php:0
[30-Nov-2019 23:38:13 UTC] PHP   2. require() C:\Users\supac\Local Sites\fictional-university\app\public\index.php:17
[30-Nov-2019 23:38:13 UTC] PHP   3. require_once() C:\Users\supac\Local Sites\fictional-university\app\public\wp-blog-header.php:19
[30-Nov-2019 23:38:13 UTC] PHP   4. include() C:\Users\supac\Local Sites\fictional-university\app\public\wp-includes\template-loader.php:98
[30-Nov-2019 23:39:27 UTC] PHP Parse error:  syntax error, unexpected 'if' (T_IF) in C:\Users\supac\Local Sites\fictional-university\app\public\wp-content\themes\fictional-university-theme\page.php on line 24
[01-Dec-2019 17:47:51 UTC] PHP Parse error:  syntax error, unexpected 'echo' (T_ECHO) in C:\Users\supac\Local Sites\fictional-university\app\public\wp-content\themes\fictional-university-theme\header.php on line 17
[01-Dec-2019 17:48:14 UTC] PHP Parse error:  syntax error, unexpected 'echo' (T_ECHO) in C:\Users\supac\Local Sites\fictional-university\app\public\wp-content\themes\fictional-university-theme\header.php on line 17
[01-Dec-2019 17:48:29 UTC] PHP Parse error:  syntax error, unexpected 'echo' (T_ECHO) in C:\Users\supac\Local Sites\fictional-university\app\public\wp-content\themes\fictional-university-theme\header.php on line 17
[02-Dec-2019 15:06:59 UTC] PHP Warning:  Use of undefined constant get_the_content - assumed 'get_the_content' (this will throw an Error in a future version of PHP) in C:\Users\supac\Local Sites\fictional-university\app\public\wp-content\themes\fictional-university-theme\front-page.php on line 64
[02-Dec-2019 15:06:59 UTC] PHP Stack trace:
[02-Dec-2019 15:06:59 UTC] PHP   1. {main}() C:\Users\supac\Local Sites\fictional-university\app\public\index.php:0
[02-Dec-2019 15:06:59 UTC] PHP   2. require() C:\Users\supac\Local Sites\fictional-university\app\public\index.php:17
[02-Dec-2019 15:06:59 UTC] PHP   3. require_once() C:\Users\supac\Local Sites\fictional-university\app\public\wp-blog-header.php:19
[02-Dec-2019 15:06:59 UTC] PHP   4. include() C:\Users\supac\Local Sites\fictional-university\app\public\wp-includes\template-loader.php:98
[02-Dec-2019 15:06:59 UTC] PHP Warning:  Use of undefined constant get_the_content - assumed 'get_the_content' (this will throw an Error in a future version of PHP) in C:\Users\supac\Local Sites\fictional-university\app\public\wp-content\themes\fictional-university-theme\front-page.php on line 64
[02-Dec-2019 15:06:59 UTC] PHP Stack trace:
[02-Dec-2019 15:06:59 UTC] PHP   1. {main}() C:\Users\supac\Local Sites\fictional-university\app\public\index.php:0
[02-Dec-2019 15:06:59 UTC] PHP   2. require() C:\Users\supac\Local Sites\fictional-university\app\public\index.php:17
[02-Dec-2019 15:06:59 UTC] PHP   3. require_once() C:\Users\supac\Local Sites\fictional-university\app\public\wp-blog-header.php:19
[02-Dec-2019 15:06:59 UTC] PHP   4. include() C:\Users\supac\Local Sites\fictional-university\app\public\wp-includes\template-loader.php:98
[02-Dec-2019 16:34:37 UTC] PHP Parse error:  syntax error, unexpected ';', expecting ')' in C:\Users\supac\Local Sites\fictional-university\app\public\wp-content\themes\fictional-university-theme\functions.php on line 26
[02-Dec-2019 16:34:38 UTC] PHP Parse error:  syntax error, unexpected ';', expecting ')' in C:\Users\supac\Local Sites\fictional-university\app\public\wp-content\themes\fictional-university-theme\functions.php on line 26
